<?xml version="1.0" encoding="utf-8" standalone="no"?>
<!--This file represents the results of running a test suite-->
<test-results name="C:\Dev\Sites\TestCIBuild\src\Tests\bin\debug\Tests.dll" total="1" errors="0" failures="1" not-run="0" inconclusive="0" ignored="0" skipped="0" invalid="0" date="2011-08-17" time="13:34:15">
  <environment nunit-version="2.5.10.11092" clr-version="2.0.50727.5446" os-version="Microsoft Windows NT 6.1.7601 Service Pack 1" platform="Win32NT" cwd="C:\Dev\Sites\TestCIBuild" machine-name="JUSTIN-PC" user="Justin" user-domain="Justin-PC" />
  <culture-info current-culture="en-US" current-uiculture="en-US" />
  <test-suite type="Assembly" name="C:\Dev\Sites\TestCIBuild\src\Tests\bin\debug\Tests.dll" executed="True" result="Failure" success="False" time="0.113" asserts="0">
    <results>
      <test-suite type="Namespace" name="Tests" executed="True" result="Failure" success="False" time="0.088" asserts="0">
        <results>
          <test-suite type="TestFixture" name="SomeFixture" executed="True" result="Failure" success="False" time="0.082" asserts="0">
            <results>
              <test-case name="Tests.SomeFixture.Should_Pass" executed="True" result="Failure" success="False" time="0.060" asserts="0">
                <failure>
                  <message><![CDATA[]]></message>
                  <stack-trace><![CDATA[at Tests.SomeFixture.Should_Pass() in c:\Dev\Sites\TestCIBuild\src\Tests\SomeFixture.cs:line 12
]]></stack-trace>
                </failure>
              </test-case>
            </results>
          </test-suite>
        </results>
      </test-suite>
    </results>
  </test-suite>
</test-results>